{"C:\\Users\\djanc\\e-sk-manage-system\\backend\\controllers\\adminController.js": {"path":"C:\\Users\\djanc\\e-sk-manage-system\\backend\\controllers\\adminController.js","statementMap":{"0":{"start":{"line":4,"column":17},"end":{"line":4,"column":42}},"1":{"start":{"line":5,"column":17},"end":{"line":5,"column":46}},"2":{"start":{"line":8,"column":17},"end":{"line":15,"column":1}},"3":{"start":{"line":9,"column":2},"end":{"line":14,"column":3}},"4":{"start":{"line":10,"column":18},"end":{"line":10,"column":79}},"5":{"start":{"line":11,"column":4},"end":{"line":11,"column":23}},"6":{"start":{"line":13,"column":4},"end":{"line":13,"column":52}},"7":{"start":{"line":18,"column":26},"end":{"line":28,"column":1}},"8":{"start":{"line":19,"column":2},"end":{"line":27,"column":3}},"9":{"start":{"line":20,"column":23},"end":{"line":23,"column":66}},"10":{"start":{"line":24,"column":4},"end":{"line":24,"column":28}},"11":{"start":{"line":26,"column":4},"end":{"line":26,"column":52}},"12":{"start":{"line":32,"column":29},"end":{"line":55,"column":1}},"13":{"start":{"line":33,"column":2},"end":{"line":54,"column":3}},"14":{"start":{"line":34,"column":25},"end":{"line":34,"column":33}},"15":{"start":{"line":35,"column":17},"end":{"line":35,"column":51}},"16":{"start":{"line":36,"column":4},"end":{"line":36,"column":74}},"17":{"start":{"line":36,"column":15},"end":{"line":36,"column":74}},"18":{"start":{"line":38,"column":4},"end":{"line":38,"column":32}},"19":{"start":{"line":39,"column":4},"end":{"line":39,"column":83}},"20":{"start":{"line":40,"column":4},"end":{"line":40,"column":46}},"21":{"start":{"line":41,"column":4},"end":{"line":41,"column":48}},"22":{"start":{"line":42,"column":4},"end":{"line":42,"column":46}},"23":{"start":{"line":43,"column":4},"end":{"line":43,"column":21}},"24":{"start":{"line":45,"column":4},"end":{"line":49,"column":6}},"25":{"start":{"line":51,"column":4},"end":{"line":51,"column":91}},"26":{"start":{"line":53,"column":4},"end":{"line":53,"column":52}},"27":{"start":{"line":59,"column":28},"end":{"line":81,"column":1}},"28":{"start":{"line":60,"column":2},"end":{"line":80,"column":3}},"29":{"start":{"line":61,"column":23},"end":{"line":61,"column":31}},"30":{"start":{"line":62,"column":17},"end":{"line":62,"column":51}},"31":{"start":{"line":63,"column":4},"end":{"line":63,"column":74}},"32":{"start":{"line":63,"column":15},"end":{"line":63,"column":74}},"33":{"start":{"line":65,"column":4},"end":{"line":65,"column":48}},"34":{"start":{"line":66,"column":4},"end":{"line":66,"column":50}},"35":{"start":{"line":67,"column":4},"end":{"line":67,"column":48}},"36":{"start":{"line":68,"column":4},"end":{"line":68,"column":50}},"37":{"start":{"line":69,"column":4},"end":{"line":69,"column":21}},"38":{"start":{"line":71,"column":4},"end":{"line":75,"column":6}},"39":{"start":{"line":77,"column":4},"end":{"line":77,"column":56}},"40":{"start":{"line":79,"column":4},"end":{"line":79,"column":52}},"41":{"start":{"line":84,"column":19},"end":{"line":119,"column":1}},"42":{"start":{"line":85,"column":2},"end":{"line":118,"column":3}},"43":{"start":{"line":86,"column":93},"end":{"line":86,"column":101}},"44":{"start":{"line":87,"column":25},"end":{"line":87,"column":39}},"45":{"start":{"line":88,"column":4},"end":{"line":90,"column":5}},"46":{"start":{"line":89,"column":6},"end":{"line":89,"column":86}},"47":{"start":{"line":91,"column":19},"end":{"line":91,"column":48}},"48":{"start":{"line":92,"column":4},"end":{"line":92,"column":85}},"49":{"start":{"line":92,"column":16},"end":{"line":92,"column":85}},"50":{"start":{"line":94,"column":17},"end":{"line":103,"column":6}},"51":{"start":{"line":105,"column":4},"end":{"line":109,"column":6}},"52":{"start":{"line":111,"column":4},"end":{"line":115,"column":6}},"53":{"start":{"line":117,"column":4},"end":{"line":117,"column":52}},"54":{"start":{"line":122,"column":19},"end":{"line":131,"column":1}},"55":{"start":{"line":123,"column":2},"end":{"line":130,"column":3}},"56":{"start":{"line":124,"column":21},"end":{"line":124,"column":29}},"57":{"start":{"line":125,"column":17},"end":{"line":125,"column":85}},"58":{"start":{"line":126,"column":4},"end":{"line":126,"column":122}},"59":{"start":{"line":127,"column":4},"end":{"line":127,"column":48}},"60":{"start":{"line":129,"column":4},"end":{"line":129,"column":52}},"61":{"start":{"line":134,"column":21},"end":{"line":144,"column":1}},"62":{"start":{"line":135,"column":2},"end":{"line":143,"column":3}},"63":{"start":{"line":136,"column":17},"end":{"line":136,"column":51}},"64":{"start":{"line":137,"column":4},"end":{"line":137,"column":34}},"65":{"start":{"line":138,"column":4},"end":{"line":138,"column":21}},"66":{"start":{"line":139,"column":4},"end":{"line":139,"column":184}},"67":{"start":{"line":140,"column":4},"end":{"line":140,"column":87}},"68":{"start":{"line":142,"column":4},"end":{"line":142,"column":52}},"69":{"start":{"line":147,"column":19},"end":{"line":154,"column":1}},"70":{"start":{"line":148,"column":2},"end":{"line":153,"column":3}},"71":{"start":{"line":149,"column":4},"end":{"line":149,"column":47}},"72":{"start":{"line":150,"column":4},"end":{"line":150,"column":42}},"73":{"start":{"line":152,"column":4},"end":{"line":152,"column":52}},"74":{"start":{"line":157,"column":21},"end":{"line":164,"column":1}},"75":{"start":{"line":158,"column":2},"end":{"line":163,"column":3}},"76":{"start":{"line":159,"column":17},"end":{"line":159,"column":118}},"77":{"start":{"line":160,"column":4},"end":{"line":160,"column":22}},"78":{"start":{"line":162,"column":4},"end":{"line":162,"column":52}},"79":{"start":{"line":167,"column":17},"end":{"line":179,"column":1}},"80":{"start":{"line":168,"column":2},"end":{"line":178,"column":3}},"81":{"start":{"line":169,"column":73},"end":{"line":174,"column":6}},"82":{"start":{"line":175,"column":4},"end":{"line":175,"column":87}},"83":{"start":{"line":177,"column":4},"end":{"line":177,"column":52}},"84":{"start":{"line":181,"column":0},"end":{"line":192,"column":1}}},"fnMap":{"0":{"name":"(anonymous_0)","decl":{"start":{"line":8,"column":17},"end":{"line":8,"column":18}},"loc":{"start":{"line":8,"column":37},"end":{"line":15,"column":1}},"line":8},"1":{"name":"(anonymous_1)","decl":{"start":{"line":18,"column":26},"end":{"line":18,"column":27}},"loc":{"start":{"line":18,"column":46},"end":{"line":28,"column":1}},"line":18},"2":{"name":"(anonymous_2)","decl":{"start":{"line":32,"column":29},"end":{"line":32,"column":30}},"loc":{"start":{"line":32,"column":49},"end":{"line":55,"column":1}},"line":32},"3":{"name":"(anonymous_3)","decl":{"start":{"line":59,"column":28},"end":{"line":59,"column":29}},"loc":{"start":{"line":59,"column":48},"end":{"line":81,"column":1}},"line":59},"4":{"name":"(anonymous_4)","decl":{"start":{"line":84,"column":19},"end":{"line":84,"column":20}},"loc":{"start":{"line":84,"column":39},"end":{"line":119,"column":1}},"line":84},"5":{"name":"(anonymous_5)","decl":{"start":{"line":122,"column":19},"end":{"line":122,"column":20}},"loc":{"start":{"line":122,"column":39},"end":{"line":131,"column":1}},"line":122},"6":{"name":"(anonymous_6)","decl":{"start":{"line":134,"column":21},"end":{"line":134,"column":22}},"loc":{"start":{"line":134,"column":41},"end":{"line":144,"column":1}},"line":134},"7":{"name":"(anonymous_7)","decl":{"start":{"line":147,"column":19},"end":{"line":147,"column":20}},"loc":{"start":{"line":147,"column":39},"end":{"line":154,"column":1}},"line":147},"8":{"name":"(anonymous_8)","decl":{"start":{"line":157,"column":21},"end":{"line":157,"column":22}},"loc":{"start":{"line":157,"column":41},"end":{"line":164,"column":1}},"line":157},"9":{"name":"(anonymous_9)","decl":{"start":{"line":167,"column":17},"end":{"line":167,"column":18}},"loc":{"start":{"line":167,"column":37},"end":{"line":179,"column":1}},"line":167}},"branchMap":{"0":{"loc":{"start":{"line":36,"column":4},"end":{"line":36,"column":74}},"type":"if","locations":[{"start":{"line":36,"column":4},"end":{"line":36,"column":74}},{"start":{},"end":{}}],"line":36},"1":{"loc":{"start":{"line":39,"column":20},"end":{"line":39,"column":83}},"type":"binary-expr","locations":[{"start":{"line":39,"column":20},"end":{"line":39,"column":28}},{"start":{"line":39,"column":32},"end":{"line":39,"column":67}},{"start":{"line":39,"column":71},"end":{"line":39,"column":83}}],"line":39},"2":{"loc":{"start":{"line":63,"column":4},"end":{"line":63,"column":74}},"type":"if","locations":[{"start":{"line":63,"column":4},"end":{"line":63,"column":74}},{"start":{},"end":{}}],"line":63},"3":{"loc":{"start":{"line":68,"column":38},"end":{"line":68,"column":50}},"type":"binary-expr","locations":[{"start":{"line":68,"column":38},"end":{"line":68,"column":44}},{"start":{"line":68,"column":48},"end":{"line":68,"column":50}}],"line":68},"4":{"loc":{"start":{"line":74,"column":68},"end":{"line":74,"column":93}},"type":"binary-expr","locations":[{"start":{"line":74,"column":68},"end":{"line":74,"column":74}},{"start":{"line":74,"column":78},"end":{"line":74,"column":93}}],"line":74},"5":{"loc":{"start":{"line":88,"column":4},"end":{"line":90,"column":5}},"type":"if","locations":[{"start":{"line":88,"column":4},"end":{"line":90,"column":5}},{"start":{},"end":{}}],"line":88},"6":{"loc":{"start":{"line":92,"column":4},"end":{"line":92,"column":85}},"type":"if","locations":[{"start":{"line":92,"column":4},"end":{"line":92,"column":85}},{"start":{},"end":{}}],"line":92},"7":{"loc":{"start":{"line":96,"column":20},"end":{"line":96,"column":46}},"type":"binary-expr","locations":[{"start":{"line":96,"column":20},"end":{"line":96,"column":28}},{"start":{"line":96,"column":32},"end":{"line":96,"column":46}}],"line":96},"8":{"loc":{"start":{"line":98,"column":20},"end":{"line":98,"column":42}},"type":"binary-expr","locations":[{"start":{"line":98,"column":20},"end":{"line":98,"column":32}},{"start":{"line":98,"column":36},"end":{"line":98,"column":42}}],"line":98},"9":{"loc":{"start":{"line":99,"column":20},"end":{"line":99,"column":37}},"type":"binary-expr","locations":[{"start":{"line":99,"column":20},"end":{"line":99,"column":28}},{"start":{"line":99,"column":35},"end":{"line":99,"column":37}}],"line":99},"10":{"loc":{"start":{"line":100,"column":20},"end":{"line":100,"column":37}},"type":"binary-expr","locations":[{"start":{"line":100,"column":20},"end":{"line":100,"column":28}},{"start":{"line":100,"column":35},"end":{"line":100,"column":37}}],"line":100},"11":{"loc":{"start":{"line":114,"column":23},"end":{"line":114,"column":49}},"type":"binary-expr","locations":[{"start":{"line":114,"column":23},"end":{"line":114,"column":31}},{"start":{"line":114,"column":35},"end":{"line":114,"column":49}}],"line":114},"12":{"loc":{"start":{"line":139,"column":56},"end":{"line":139,"column":107}},"type":"cond-expr","locations":[{"start":{"line":139,"column":72},"end":{"line":139,"column":87}},{"start":{"line":139,"column":90},"end":{"line":139,"column":107}}],"line":139},"13":{"loc":{"start":{"line":139,"column":121},"end":{"line":139,"column":164}},"type":"cond-expr","locations":[{"start":{"line":139,"column":137},"end":{"line":139,"column":148}},{"start":{"line":139,"column":151},"end":{"line":139,"column":164}}],"line":139},"14":{"loc":{"start":{"line":140,"column":32},"end":{"line":140,"column":75}},"type":"cond-expr","locations":[{"start":{"line":140,"column":48},"end":{"line":140,"column":59}},{"start":{"line":140,"column":62},"end":{"line":140,"column":75}}],"line":140}},"s":{"0":1,"1":1,"2":1,"3":2,"4":2,"5":0,"6":2,"7":1,"8":0,"9":0,"10":0,"11":0,"12":1,"13":0,"14":0,"15":0,"16":0,"17":0,"18":0,"19":0,"20":0,"21":0,"22":0,"23":0,"24":0,"25":0,"26":0,"27":1,"28":0,"29":0,"30":0,"31":0,"32":0,"33":0,"34":0,"35":0,"36":0,"37":0,"38":0,"39":0,"40":0,"41":1,"42":0,"43":0,"44":0,"45":0,"46":0,"47":0,"48":0,"49":0,"50":0,"51":0,"52":0,"53":0,"54":1,"55":2,"56":2,"57":2,"58":2,"59":2,"60":0,"61":1,"62":3,"63":3,"64":3,"65":2,"66":2,"67":2,"68":1,"69":1,"70":2,"71":2,"72":2,"73":0,"74":1,"75":0,"76":0,"77":0,"78":0,"79":1,"80":1,"81":1,"82":1,"83":0,"84":1},"f":{"0":2,"1":0,"2":0,"3":0,"4":0,"5":2,"6":3,"7":2,"8":0,"9":1},"b":{"0":[0,0],"1":[0,0,0],"2":[0,0],"3":[0,0],"4":[0,0],"5":[0,0],"6":[0,0],"7":[0,0],"8":[0,0],"9":[0,0],"10":[0,0],"11":[0,0],"12":[1,1],"13":[1,1],"14":[1,1]},"_coverageSchema":"1a1c01bbd47fc00a2c39e90264f33305004495a9","hash":"756a4cc112a9e63ec5526eea1bdb904d080cabd2"}
,"C:\\Users\\djanc\\e-sk-manage-system\\backend\\controllers\\authController.js": {"path":"C:\\Users\\djanc\\e-sk-manage-system\\backend\\controllers\\authController.js","statementMap":{"0":{"start":{"line":3,"column":17},"end":{"line":3,"column":42}},"1":{"start":{"line":4,"column":17},"end":{"line":4,"column":46}},"2":{"start":{"line":5,"column":17},"end":{"line":5,"column":40}},"3":{"start":{"line":7,"column":22},"end":{"line":8,"column":63}},"4":{"start":{"line":8,"column":2},"end":{"line":8,"column":63}},"5":{"start":{"line":12,"column":17},"end":{"line":92,"column":1}},"6":{"start":{"line":13,"column":2},"end":{"line":91,"column":3}},"7":{"start":{"line":14,"column":4},"end":{"line":14,"column":43}},"8":{"start":{"line":20,"column":8},"end":{"line":20,"column":16}},"9":{"start":{"line":23,"column":4},"end":{"line":25,"column":5}},"10":{"start":{"line":24,"column":6},"end":{"line":24,"column":82}},"11":{"start":{"line":28,"column":19},"end":{"line":28,"column":48}},"12":{"start":{"line":29,"column":4},"end":{"line":31,"column":5}},"13":{"start":{"line":30,"column":6},"end":{"line":30,"column":78}},"14":{"start":{"line":34,"column":21},"end":{"line":44,"column":5}},"15":{"start":{"line":47,"column":4},"end":{"line":56,"column":5}},"16":{"start":{"line":48,"column":6},"end":{"line":55,"column":7}},"17":{"start":{"line":58,"column":17},"end":{"line":58,"column":44}},"18":{"start":{"line":61,"column":4},"end":{"line":69,"column":5}},"19":{"start":{"line":62,"column":6},"end":{"line":66,"column":8}},"20":{"start":{"line":68,"column":6},"end":{"line":68,"column":68}},"21":{"start":{"line":71,"column":20},"end":{"line":73,"column":60}},"22":{"start":{"line":75,"column":4},"end":{"line":87,"column":6}},"23":{"start":{"line":89,"column":4},"end":{"line":89,"column":43}},"24":{"start":{"line":90,"column":4},"end":{"line":90,"column":52}},"25":{"start":{"line":95,"column":14},"end":{"line":151,"column":1}},"26":{"start":{"line":96,"column":2},"end":{"line":150,"column":3}},"27":{"start":{"line":97,"column":32},"end":{"line":97,"column":40}},"28":{"start":{"line":99,"column":4},"end":{"line":101,"column":5}},"29":{"start":{"line":100,"column":6},"end":{"line":100,"column":82}},"30":{"start":{"line":105,"column":17},"end":{"line":105,"column":66}},"31":{"start":{"line":106,"column":4},"end":{"line":108,"column":5}},"32":{"start":{"line":107,"column":6},"end":{"line":107,"column":76}},"33":{"start":{"line":110,"column":20},"end":{"line":110,"column":54}},"34":{"start":{"line":111,"column":4},"end":{"line":113,"column":5}},"35":{"start":{"line":112,"column":6},"end":{"line":112,"column":76}},"36":{"start":{"line":115,"column":4},"end":{"line":117,"column":5}},"37":{"start":{"line":116,"column":6},"end":{"line":116,"column":107}},"38":{"start":{"line":120,"column":4},"end":{"line":128,"column":5}},"39":{"start":{"line":121,"column":6},"end":{"line":125,"column":8}},"40":{"start":{"line":127,"column":6},"end":{"line":127,"column":47}},"41":{"start":{"line":130,"column":4},"end":{"line":146,"column":6}},"42":{"start":{"line":148,"column":4},"end":{"line":148,"column":40}},"43":{"start":{"line":149,"column":4},"end":{"line":149,"column":52}},"44":{"start":{"line":154,"column":19},"end":{"line":161,"column":1}},"45":{"start":{"line":155,"column":2},"end":{"line":160,"column":3}},"46":{"start":{"line":156,"column":17},"end":{"line":156,"column":70}},"47":{"start":{"line":157,"column":4},"end":{"line":157,"column":22}},"48":{"start":{"line":159,"column":4},"end":{"line":159,"column":52}},"49":{"start":{"line":164,"column":23},"end":{"line":179,"column":1}},"50":{"start":{"line":165,"column":2},"end":{"line":178,"column":3}},"51":{"start":{"line":166,"column":45},"end":{"line":166,"column":53}},"52":{"start":{"line":168,"column":17},"end":{"line":168,"column":70}},"53":{"start":{"line":169,"column":20},"end":{"line":169,"column":61}},"54":{"start":{"line":170,"column":4},"end":{"line":172,"column":5}},"55":{"start":{"line":171,"column":6},"end":{"line":171,"column":80}},"56":{"start":{"line":173,"column":4},"end":{"line":173,"column":31}},"57":{"start":{"line":174,"column":4},"end":{"line":174,"column":21}},"58":{"start":{"line":175,"column":4},"end":{"line":175,"column":59}},"59":{"start":{"line":177,"column":4},"end":{"line":177,"column":52}},"60":{"start":{"line":182,"column":22},"end":{"line":194,"column":1}},"61":{"start":{"line":183,"column":2},"end":{"line":193,"column":3}},"62":{"start":{"line":184,"column":60},"end":{"line":184,"column":68}},"63":{"start":{"line":185,"column":17},"end":{"line":189,"column":25}},"64":{"start":{"line":190,"column":4},"end":{"line":190,"column":22}},"65":{"start":{"line":192,"column":4},"end":{"line":192,"column":52}},"66":{"start":{"line":197,"column":22},"end":{"line":225,"column":1}},"67":{"start":{"line":198,"column":2},"end":{"line":224,"column":3}},"68":{"start":{"line":199,"column":25},"end":{"line":199,"column":33}},"69":{"start":{"line":200,"column":4},"end":{"line":200,"column":102}},"70":{"start":{"line":200,"column":19},"end":{"line":200,"column":102}},"71":{"start":{"line":202,"column":17},"end":{"line":202,"column":50}},"72":{"start":{"line":203,"column":4},"end":{"line":203,"column":74}},"73":{"start":{"line":203,"column":15},"end":{"line":203,"column":74}},"74":{"start":{"line":205,"column":20},"end":{"line":205,"column":54}},"75":{"start":{"line":206,"column":4},"end":{"line":206,"column":81}},"76":{"start":{"line":206,"column":18},"end":{"line":206,"column":81}},"77":{"start":{"line":209,"column":4},"end":{"line":211,"column":5}},"78":{"start":{"line":210,"column":6},"end":{"line":210,"column":119}},"79":{"start":{"line":213,"column":4},"end":{"line":213,"column":46}},"80":{"start":{"line":215,"column":4},"end":{"line":219,"column":22}},"81":{"start":{"line":221,"column":4},"end":{"line":221,"column":58}},"82":{"start":{"line":223,"column":4},"end":{"line":223,"column":52}},"83":{"start":{"line":227,"column":0},"end":{"line":227,"column":94}}},"fnMap":{"0":{"name":"(anonymous_0)","decl":{"start":{"line":7,"column":22},"end":{"line":7,"column":23}},"loc":{"start":{"line":8,"column":2},"end":{"line":8,"column":63}},"line":8},"1":{"name":"(anonymous_1)","decl":{"start":{"line":12,"column":17},"end":{"line":12,"column":18}},"loc":{"start":{"line":12,"column":37},"end":{"line":92,"column":1}},"line":12},"2":{"name":"(anonymous_2)","decl":{"start":{"line":95,"column":14},"end":{"line":95,"column":15}},"loc":{"start":{"line":95,"column":34},"end":{"line":151,"column":1}},"line":95},"3":{"name":"(anonymous_3)","decl":{"start":{"line":154,"column":19},"end":{"line":154,"column":20}},"loc":{"start":{"line":154,"column":39},"end":{"line":161,"column":1}},"line":154},"4":{"name":"(anonymous_4)","decl":{"start":{"line":164,"column":23},"end":{"line":164,"column":24}},"loc":{"start":{"line":164,"column":43},"end":{"line":179,"column":1}},"line":164},"5":{"name":"(anonymous_5)","decl":{"start":{"line":182,"column":22},"end":{"line":182,"column":23}},"loc":{"start":{"line":182,"column":42},"end":{"line":194,"column":1}},"line":182},"6":{"name":"(anonymous_6)","decl":{"start":{"line":197,"column":22},"end":{"line":197,"column":23}},"loc":{"start":{"line":197,"column":42},"end":{"line":225,"column":1}},"line":197},"7":{"name":"(anonymous_7)","decl":{"start":{"line":219,"column":13},"end":{"line":219,"column":14}},"loc":{"start":{"line":219,"column":19},"end":{"line":219,"column":21}},"line":219}},"branchMap":{"0":{"loc":{"start":{"line":23,"column":4},"end":{"line":25,"column":5}},"type":"if","locations":[{"start":{"line":23,"column":4},"end":{"line":25,"column":5}},{"start":{},"end":{}}],"line":23},"1":{"loc":{"start":{"line":23,"column":8},"end":{"line":23,"column":54}},"type":"binary-expr","locations":[{"start":{"line":23,"column":8},"end":{"line":23,"column":18}},{"start":{"line":23,"column":22},"end":{"line":23,"column":31}},{"start":{"line":23,"column":35},"end":{"line":23,"column":41}},{"start":{"line":23,"column":45},"end":{"line":23,"column":54}}],"line":23},"2":{"loc":{"start":{"line":29,"column":4},"end":{"line":31,"column":5}},"type":"if","locations":[{"start":{"line":29,"column":4},"end":{"line":31,"column":5}},{"start":{},"end":{}}],"line":29},"3":{"loc":{"start":{"line":40,"column":20},"end":{"line":40,"column":42}},"type":"binary-expr","locations":[{"start":{"line":40,"column":20},"end":{"line":40,"column":32}},{"start":{"line":40,"column":36},"end":{"line":40,"column":42}}],"line":40},"4":{"loc":{"start":{"line":41,"column":20},"end":{"line":41,"column":37}},"type":"binary-expr","locations":[{"start":{"line":41,"column":20},"end":{"line":41,"column":28}},{"start":{"line":41,"column":35},"end":{"line":41,"column":37}}],"line":41},"5":{"loc":{"start":{"line":47,"column":4},"end":{"line":56,"column":5}},"type":"if","locations":[{"start":{"line":47,"column":4},"end":{"line":56,"column":5}},{"start":{},"end":{}}],"line":47},"6":{"loc":{"start":{"line":47,"column":8},"end":{"line":47,"column":39}},"type":"binary-expr","locations":[{"start":{"line":47,"column":8},"end":{"line":47,"column":20}},{"start":{"line":47,"column":24},"end":{"line":47,"column":39}}],"line":47},"7":{"loc":{"start":{"line":51,"column":25},"end":{"line":51,"column":46}},"type":"binary-expr","locations":[{"start":{"line":51,"column":25},"end":{"line":51,"column":33}},{"start":{"line":51,"column":44},"end":{"line":51,"column":46}}],"line":51},"8":{"loc":{"start":{"line":52,"column":25},"end":{"line":52,"column":47}},"type":"binary-expr","locations":[{"start":{"line":52,"column":25},"end":{"line":52,"column":41}},{"start":{"line":52,"column":45},"end":{"line":52,"column":47}}],"line":52},"9":{"loc":{"start":{"line":65,"column":24},"end":{"line":65,"column":71}},"type":"cond-expr","locations":[{"start":{"line":65,"column":39},"end":{"line":65,"column":53}},{"start":{"line":65,"column":56},"end":{"line":65,"column":71}}],"line":65},"10":{"loc":{"start":{"line":71,"column":20},"end":{"line":73,"column":60}},"type":"cond-expr","locations":[{"start":{"line":72,"column":8},"end":{"line":72,"column":127}},{"start":{"line":73,"column":8},"end":{"line":73,"column":60}}],"line":71},"11":{"loc":{"start":{"line":99,"column":4},"end":{"line":101,"column":5}},"type":"if","locations":[{"start":{"line":99,"column":4},"end":{"line":101,"column":5}},{"start":{},"end":{}}],"line":99},"12":{"loc":{"start":{"line":99,"column":8},"end":{"line":99,"column":27}},"type":"binary-expr","locations":[{"start":{"line":99,"column":8},"end":{"line":99,"column":14}},{"start":{"line":99,"column":18},"end":{"line":99,"column":27}}],"line":99},"13":{"loc":{"start":{"line":106,"column":4},"end":{"line":108,"column":5}},"type":"if","locations":[{"start":{"line":106,"column":4},"end":{"line":108,"column":5}},{"start":{},"end":{}}],"line":106},"14":{"loc":{"start":{"line":111,"column":4},"end":{"line":113,"column":5}},"type":"if","locations":[{"start":{"line":111,"column":4},"end":{"line":113,"column":5}},{"start":{},"end":{}}],"line":111},"15":{"loc":{"start":{"line":115,"column":4},"end":{"line":117,"column":5}},"type":"if","locations":[{"start":{"line":115,"column":4},"end":{"line":117,"column":5}},{"start":{},"end":{}}],"line":115},"16":{"loc":{"start":{"line":170,"column":4},"end":{"line":172,"column":5}},"type":"if","locations":[{"start":{"line":170,"column":4},"end":{"line":172,"column":5}},{"start":{},"end":{}}],"line":170},"17":{"loc":{"start":{"line":200,"column":4},"end":{"line":200,"column":102}},"type":"if","locations":[{"start":{"line":200,"column":4},"end":{"line":200,"column":102}},{"start":{},"end":{}}],"line":200},"18":{"loc":{"start":{"line":203,"column":4},"end":{"line":203,"column":74}},"type":"if","locations":[{"start":{"line":203,"column":4},"end":{"line":203,"column":74}},{"start":{},"end":{}}],"line":203},"19":{"loc":{"start":{"line":206,"column":4},"end":{"line":206,"column":81}},"type":"if","locations":[{"start":{"line":206,"column":4},"end":{"line":206,"column":81}},{"start":{},"end":{}}],"line":206},"20":{"loc":{"start":{"line":209,"column":4},"end":{"line":211,"column":5}},"type":"if","locations":[{"start":{"line":209,"column":4},"end":{"line":211,"column":5}},{"start":{},"end":{}}],"line":209}},"s":{"0":1,"1":1,"2":1,"3":1,"4":1,"5":1,"6":5,"7":5,"8":5,"9":5,"10":1,"11":4,"12":4,"13":1,"14":3,"15":3,"16":1,"17":3,"18":3,"19":3,"20":0,"21":3,"22":3,"23":0,"24":0,"25":1,"26":5,"27":5,"28":5,"29":1,"30":4,"31":4,"32":1,"33":3,"34":3,"35":1,"36":2,"37":1,"38":1,"39":1,"40":0,"41":1,"42":0,"43":0,"44":1,"45":1,"46":1,"47":1,"48":0,"49":1,"50":3,"51":3,"52":3,"53":0,"54":0,"55":0,"56":0,"57":0,"58":0,"59":3,"60":1,"61":1,"62":1,"63":1,"64":1,"65":0,"66":1,"67":4,"68":4,"69":4,"70":1,"71":3,"72":3,"73":0,"74":3,"75":3,"76":1,"77":2,"78":1,"79":1,"80":1,"81":1,"82":0,"83":1},"f":{"0":1,"1":5,"2":5,"3":1,"4":3,"5":1,"6":4,"7":0},"b":{"0":[1,4],"1":[5,4,4,4],"2":[1,3],"3":[3,2],"4":[3,2],"5":[1,2],"6":[3,1],"7":[1,1],"8":[1,0],"9":[1,2],"10":[1,2],"11":[1,4],"12":[5,5],"13":[1,3],"14":[1,2],"15":[1,1],"16":[0,0],"17":[1,3],"18":[0,3],"19":[1,2],"20":[1,1]},"_coverageSchema":"1a1c01bbd47fc00a2c39e90264f33305004495a9","hash":"2e8fce66b14e18f204aa5ce744903556e9fe004d"}
,"C:\\Users\\djanc\\e-sk-manage-system\\backend\\controllers\\meetingController.js": {"path":"C:\\Users\\djanc\\e-sk-manage-system\\backend\\controllers\\meetingController.js","statementMap":{"0":{"start":{"line":1,"column":21},"end":{"line":1,"column":49}},"1":{"start":{"line":2,"column":21},"end":{"line":2,"column":54}},"2":{"start":{"line":3,"column":21},"end":{"line":3,"column":48}},"3":{"start":{"line":4,"column":21},"end":{"line":4,"column":46}},"4":{"start":{"line":5,"column":21},"end":{"line":5,"column":50}},"5":{"start":{"line":6,"column":21},"end":{"line":6,"column":38}},"6":{"start":{"line":8,"column":20},"end":{"line":11,"column":1}},"7":{"start":{"line":14,"column":20},"end":{"line":33,"column":1}},"8":{"start":{"line":15,"column":2},"end":{"line":32,"column":3}},"9":{"start":{"line":16,"column":21},"end":{"line":20,"column":24}},"10":{"start":{"line":23,"column":23},"end":{"line":23,"column":56}},"11":{"start":{"line":24,"column":23},"end":{"line":28,"column":6}},"12":{"start":{"line":25,"column":18},"end":{"line":25,"column":30}},"13":{"start":{"line":26,"column":6},"end":{"line":26,"column":40}},"14":{"start":{"line":26,"column":22},"end":{"line":26,"column":40}},"15":{"start":{"line":27,"column":6},"end":{"line":27,"column":16}},"16":{"start":{"line":29,"column":4},"end":{"line":29,"column":37}},"17":{"start":{"line":31,"column":4},"end":{"line":31,"column":52}},"18":{"start":{"line":36,"column":19},"end":{"line":53,"column":1}},"19":{"start":{"line":37,"column":2},"end":{"line":52,"column":3}},"20":{"start":{"line":38,"column":20},"end":{"line":43,"column":61}},"21":{"start":{"line":44,"column":4},"end":{"line":44,"column":79}},"22":{"start":{"line":44,"column":18},"end":{"line":44,"column":79}},"23":{"start":{"line":47,"column":16},"end":{"line":47,"column":34}},"24":{"start":{"line":48,"column":4},"end":{"line":48,"column":61}},"25":{"start":{"line":48,"column":43},"end":{"line":48,"column":61}},"26":{"start":{"line":49,"column":4},"end":{"line":49,"column":30}},"27":{"start":{"line":51,"column":4},"end":{"line":51,"column":52}},"28":{"start":{"line":57,"column":22},"end":{"line":101,"column":1}},"29":{"start":{"line":58,"column":2},"end":{"line":100,"column":3}},"30":{"start":{"line":59,"column":20},"end":{"line":59,"column":77}},"31":{"start":{"line":60,"column":20},"end":{"line":60,"column":58}},"32":{"start":{"line":62,"column":20},"end":{"line":68,"column":6}},"33":{"start":{"line":71,"column":4},"end":{"line":89,"column":5}},"34":{"start":{"line":72,"column":22},"end":{"line":74,"column":8}},"35":{"start":{"line":75,"column":6},"end":{"line":86,"column":8}},"36":{"start":{"line":88,"column":6},"end":{"line":88,"column":70}},"37":{"start":{"line":91,"column":4},"end":{"line":95,"column":6}},"38":{"start":{"line":97,"column":4},"end":{"line":97,"column":65}},"39":{"start":{"line":99,"column":4},"end":{"line":99,"column":52}},"40":{"start":{"line":104,"column":22},"end":{"line":112,"column":1}},"41":{"start":{"line":105,"column":2},"end":{"line":111,"column":3}},"42":{"start":{"line":106,"column":20},"end":{"line":106,"column":91}},"43":{"start":{"line":107,"column":4},"end":{"line":107,"column":79}},"44":{"start":{"line":107,"column":18},"end":{"line":107,"column":79}},"45":{"start":{"line":108,"column":4},"end":{"line":108,"column":53}},"46":{"start":{"line":110,"column":4},"end":{"line":110,"column":52}},"47":{"start":{"line":115,"column":22},"end":{"line":126,"column":1}},"48":{"start":{"line":116,"column":2},"end":{"line":125,"column":3}},"49":{"start":{"line":117,"column":4},"end":{"line":117,"column":50}},"50":{"start":{"line":118,"column":4},"end":{"line":121,"column":6}},"51":{"start":{"line":122,"column":4},"end":{"line":122,"column":44}},"52":{"start":{"line":124,"column":4},"end":{"line":124,"column":52}},"53":{"start":{"line":129,"column":20},"end":{"line":141,"column":1}},"54":{"start":{"line":130,"column":2},"end":{"line":140,"column":3}},"55":{"start":{"line":131,"column":21},"end":{"line":131,"column":58}},"56":{"start":{"line":132,"column":4},"end":{"line":132,"column":80}},"57":{"start":{"line":132,"column":19},"end":{"line":132,"column":80}},"58":{"start":{"line":133,"column":21},"end":{"line":133,"column":90}},"59":{"start":{"line":133,"column":44},"end":{"line":133,"column":89}},"60":{"start":{"line":134,"column":4},"end":{"line":135,"column":77}},"61":{"start":{"line":134,"column":19},"end":{"line":134,"column":105}},"62":{"start":{"line":134,"column":59},"end":{"line":134,"column":104}},"63":{"start":{"line":135,"column":19},"end":{"line":135,"column":77}},"64":{"start":{"line":136,"column":4},"end":{"line":136,"column":24}},"65":{"start":{"line":137,"column":4},"end":{"line":137,"column":76}},"66":{"start":{"line":139,"column":4},"end":{"line":139,"column":52}},"67":{"start":{"line":144,"column":25},"end":{"line":157,"column":1}},"68":{"start":{"line":145,"column":2},"end":{"line":156,"column":3}},"69":{"start":{"line":146,"column":32},"end":{"line":146,"column":40}},"70":{"start":{"line":147,"column":20},"end":{"line":147,"column":57}},"71":{"start":{"line":148,"column":4},"end":{"line":148,"column":79}},"72":{"start":{"line":148,"column":18},"end":{"line":148,"column":79}},"73":{"start":{"line":149,"column":21},"end":{"line":149,"column":79}},"74":{"start":{"line":149,"column":50},"end":{"line":149,"column":78}},"75":{"start":{"line":150,"column":4},"end":{"line":151,"column":68}},"76":{"start":{"line":150,"column":18},"end":{"line":150,"column":44}},"77":{"start":{"line":151,"column":18},"end":{"line":151,"column":68}},"78":{"start":{"line":152,"column":4},"end":{"line":152,"column":24}},"79":{"start":{"line":153,"column":4},"end":{"line":153,"column":56}},"80":{"start":{"line":155,"column":4},"end":{"line":155,"column":52}},"81":{"start":{"line":161,"column":19},"end":{"line":183,"column":1}},"82":{"start":{"line":162,"column":2},"end":{"line":182,"column":3}},"83":{"start":{"line":163,"column":20},"end":{"line":163,"column":57}},"84":{"start":{"line":164,"column":4},"end":{"line":164,"column":79}},"85":{"start":{"line":164,"column":18},"end":{"line":164,"column":79}},"86":{"start":{"line":166,"column":4},"end":{"line":168,"column":5}},"87":{"start":{"line":167,"column":6},"end":{"line":167,"column":62}},"88":{"start":{"line":169,"column":28},"end":{"line":169,"column":59}},"89":{"start":{"line":170,"column":4},"end":{"line":170,"column":27}},"90":{"start":{"line":171,"column":4},"end":{"line":171,"column":73}},"91":{"start":{"line":172,"column":4},"end":{"line":172,"column":24}},"92":{"start":{"line":174,"column":4},"end":{"line":177,"column":6}},"93":{"start":{"line":179,"column":4},"end":{"line":179,"column":109}},"94":{"start":{"line":181,"column":4},"end":{"line":181,"column":52}},"95":{"start":{"line":186,"column":21},"end":{"line":211,"column":1}},"96":{"start":{"line":187,"column":2},"end":{"line":210,"column":3}},"97":{"start":{"line":188,"column":20},"end":{"line":192,"column":5}},"98":{"start":{"line":195,"column":4},"end":{"line":205,"column":5}},"99":{"start":{"line":196,"column":6},"end":{"line":202,"column":7}},"100":{"start":{"line":204,"column":6},"end":{"line":204,"column":72}},"101":{"start":{"line":207,"column":4},"end":{"line":207,"column":66}},"102":{"start":{"line":209,"column":4},"end":{"line":209,"column":52}},"103":{"start":{"line":215,"column":16},"end":{"line":266,"column":1}},"104":{"start":{"line":216,"column":2},"end":{"line":265,"column":3}},"105":{"start":{"line":217,"column":24},"end":{"line":217,"column":32}},"106":{"start":{"line":218,"column":4},"end":{"line":218,"column":83}},"107":{"start":{"line":218,"column":18},"end":{"line":218,"column":83}},"108":{"start":{"line":220,"column":20},"end":{"line":220,"column":54}},"109":{"start":{"line":221,"column":4},"end":{"line":221,"column":104}},"110":{"start":{"line":221,"column":27},"end":{"line":221,"column":104}},"111":{"start":{"line":222,"column":4},"end":{"line":222,"column":137}},"112":{"start":{"line":222,"column":27},"end":{"line":222,"column":137}},"113":{"start":{"line":223,"column":4},"end":{"line":225,"column":5}},"114":{"start":{"line":224,"column":6},"end":{"line":224,"column":91}},"115":{"start":{"line":227,"column":20},"end":{"line":227,"column":94}},"116":{"start":{"line":227,"column":48},"end":{"line":227,"column":93}},"117":{"start":{"line":228,"column":4},"end":{"line":234,"column":5}},"118":{"start":{"line":229,"column":18},"end":{"line":229,"column":73}},"119":{"start":{"line":230,"column":6},"end":{"line":233,"column":8}},"120":{"start":{"line":236,"column":26},"end":{"line":236,"column":81}},"121":{"start":{"line":237,"column":4},"end":{"line":237,"column":75}},"122":{"start":{"line":238,"column":4},"end":{"line":238,"column":24}},"123":{"start":{"line":241,"column":4},"end":{"line":248,"column":6}},"124":{"start":{"line":251,"column":4},"end":{"line":251,"column":83}},"125":{"start":{"line":253,"column":4},"end":{"line":256,"column":6}},"126":{"start":{"line":258,"column":4},"end":{"line":262,"column":6}},"127":{"start":{"line":264,"column":4},"end":{"line":264,"column":52}},"128":{"start":{"line":269,"column":20},"end":{"line":278,"column":1}},"129":{"start":{"line":270,"column":2},"end":{"line":277,"column":3}},"130":{"start":{"line":271,"column":20},"end":{"line":272,"column":83}},"131":{"start":{"line":273,"column":4},"end":{"line":273,"column":71}},"132":{"start":{"line":273,"column":18},"end":{"line":273,"column":71}},"133":{"start":{"line":274,"column":4},"end":{"line":274,"column":79}},"134":{"start":{"line":276,"column":4},"end":{"line":276,"column":52}},"135":{"start":{"line":282,"column":19},"end":{"line":301,"column":1}},"136":{"start":{"line":283,"column":2},"end":{"line":300,"column":3}},"137":{"start":{"line":284,"column":21},"end":{"line":284,"column":29}},"138":{"start":{"line":285,"column":4},"end":{"line":285,"column":107}},"139":{"start":{"line":285,"column":39},"end":{"line":285,"column":107}},"140":{"start":{"line":286,"column":4},"end":{"line":286,"column":102}},"141":{"start":{"line":286,"column":39},"end":{"line":286,"column":102}},"142":{"start":{"line":288,"column":20},"end":{"line":288,"column":57}},"143":{"start":{"line":289,"column":4},"end":{"line":289,"column":79}},"144":{"start":{"line":289,"column":18},"end":{"line":289,"column":79}},"145":{"start":{"line":291,"column":4},"end":{"line":291,"column":91}},"146":{"start":{"line":292,"column":4},"end":{"line":292,"column":24}},"147":{"start":{"line":294,"column":21},"end":{"line":294,"column":111}},"148":{"start":{"line":295,"column":23},"end":{"line":295,"column":68}},"149":{"start":{"line":297,"column":4},"end":{"line":297,"column":76}},"150":{"start":{"line":299,"column":4},"end":{"line":299,"column":52}},"151":{"start":{"line":304,"column":22},"end":{"line":322,"column":1}},"152":{"start":{"line":305,"column":2},"end":{"line":321,"column":3}},"153":{"start":{"line":306,"column":20},"end":{"line":306,"column":57}},"154":{"start":{"line":307,"column":4},"end":{"line":307,"column":79}},"155":{"start":{"line":307,"column":18},"end":{"line":307,"column":79}},"156":{"start":{"line":309,"column":20},"end":{"line":309,"column":61}},"157":{"start":{"line":310,"column":4},"end":{"line":310,"column":79}},"158":{"start":{"line":310,"column":18},"end":{"line":310,"column":79}},"159":{"start":{"line":312,"column":21},"end":{"line":312,"column":72}},"160":{"start":{"line":313,"column":21},"end":{"line":313,"column":68}},"161":{"start":{"line":314,"column":4},"end":{"line":314,"column":102}},"162":{"start":{"line":314,"column":31},"end":{"line":314,"column":102}},"163":{"start":{"line":316,"column":4},"end":{"line":316,"column":23}},"164":{"start":{"line":317,"column":4},"end":{"line":317,"column":24}},"165":{"start":{"line":318,"column":4},"end":{"line":318,"column":44}},"166":{"start":{"line":320,"column":4},"end":{"line":320,"column":52}},"167":{"start":{"line":324,"column":0},"end":{"line":328,"column":1}}},"fnMap":{"0":{"name":"(anonymous_0)","decl":{"start":{"line":14,"column":20},"end":{"line":14,"column":21}},"loc":{"start":{"line":14,"column":40},"end":{"line":33,"column":1}},"line":14},"1":{"name":"(anonymous_1)","decl":{"start":{"line":24,"column":36},"end":{"line":24,"column":37}},"loc":{"start":{"line":24,"column":41},"end":{"line":28,"column":5}},"line":24},"2":{"name":"(anonymous_2)","decl":{"start":{"line":36,"column":19},"end":{"line":36,"column":20}},"loc":{"start":{"line":36,"column":39},"end":{"line":53,"column":1}},"line":36},"3":{"name":"(anonymous_3)","decl":{"start":{"line":57,"column":22},"end":{"line":57,"column":23}},"loc":{"start":{"line":57,"column":42},"end":{"line":101,"column":1}},"line":57},"4":{"name":"(anonymous_4)","decl":{"start":{"line":104,"column":22},"end":{"line":104,"column":23}},"loc":{"start":{"line":104,"column":42},"end":{"line":112,"column":1}},"line":104},"5":{"name":"(anonymous_5)","decl":{"start":{"line":115,"column":22},"end":{"line":115,"column":23}},"loc":{"start":{"line":115,"column":42},"end":{"line":126,"column":1}},"line":115},"6":{"name":"(anonymous_6)","decl":{"start":{"line":129,"column":20},"end":{"line":129,"column":21}},"loc":{"start":{"line":129,"column":40},"end":{"line":141,"column":1}},"line":129},"7":{"name":"(anonymous_7)","decl":{"start":{"line":133,"column":39},"end":{"line":133,"column":40}},"loc":{"start":{"line":133,"column":44},"end":{"line":133,"column":89}},"line":133},"8":{"name":"(anonymous_8)","decl":{"start":{"line":134,"column":54},"end":{"line":134,"column":55}},"loc":{"start":{"line":134,"column":59},"end":{"line":134,"column":104}},"line":134},"9":{"name":"(anonymous_9)","decl":{"start":{"line":144,"column":25},"end":{"line":144,"column":26}},"loc":{"start":{"line":144,"column":45},"end":{"line":157,"column":1}},"line":144},"10":{"name":"(anonymous_10)","decl":{"start":{"line":149,"column":45},"end":{"line":149,"column":46}},"loc":{"start":{"line":149,"column":50},"end":{"line":149,"column":78}},"line":149},"11":{"name":"(anonymous_11)","decl":{"start":{"line":161,"column":19},"end":{"line":161,"column":20}},"loc":{"start":{"line":161,"column":39},"end":{"line":183,"column":1}},"line":161},"12":{"name":"(anonymous_12)","decl":{"start":{"line":186,"column":21},"end":{"line":186,"column":22}},"loc":{"start":{"line":186,"column":41},"end":{"line":211,"column":1}},"line":186},"13":{"name":"(anonymous_13)","decl":{"start":{"line":215,"column":16},"end":{"line":215,"column":17}},"loc":{"start":{"line":215,"column":36},"end":{"line":266,"column":1}},"line":215},"14":{"name":"(anonymous_14)","decl":{"start":{"line":227,"column":43},"end":{"line":227,"column":44}},"loc":{"start":{"line":227,"column":48},"end":{"line":227,"column":93}},"line":227},"15":{"name":"(anonymous_15)","decl":{"start":{"line":269,"column":20},"end":{"line":269,"column":21}},"loc":{"start":{"line":269,"column":40},"end":{"line":278,"column":1}},"line":269},"16":{"name":"(anonymous_16)","decl":{"start":{"line":282,"column":19},"end":{"line":282,"column":20}},"loc":{"start":{"line":282,"column":39},"end":{"line":301,"column":1}},"line":282},"17":{"name":"(anonymous_17)","decl":{"start":{"line":304,"column":22},"end":{"line":304,"column":23}},"loc":{"start":{"line":304,"column":42},"end":{"line":322,"column":1}},"line":304}},"branchMap":{"0":{"loc":{"start":{"line":26,"column":6},"end":{"line":26,"column":40}},"type":"if","locations":[{"start":{"line":26,"column":6},"end":{"line":26,"column":40}},{"start":{},"end":{}}],"line":26},"1":{"loc":{"start":{"line":44,"column":4},"end":{"line":44,"column":79}},"type":"if","locations":[{"start":{"line":44,"column":4},"end":{"line":44,"column":79}},{"start":{},"end":{}}],"line":44},"2":{"loc":{"start":{"line":48,"column":4},"end":{"line":48,"column":61}},"type":"if","locations":[{"start":{"line":48,"column":4},"end":{"line":48,"column":61}},{"start":{},"end":{}}],"line":48},"3":{"loc":{"start":{"line":59,"column":20},"end":{"line":59,"column":77}},"type":"binary-expr","locations":[{"start":{"line":59,"column":20},"end":{"line":59,"column":46}},{"start":{"line":59,"column":50},"end":{"line":59,"column":71}},{"start":{"line":59,"column":75},"end":{"line":59,"column":77}}],"line":59},"4":{"loc":{"start":{"line":79,"column":19},"end":{"line":79,"column":69}},"type":"cond-expr","locations":[{"start":{"line":79,"column":36},"end":{"line":79,"column":63}},{"start":{"line":79,"column":67},"end":{"line":79,"column":69}}],"line":79},"5":{"loc":{"start":{"line":80,"column":19},"end":{"line":80,"column":129}},"type":"cond-expr","locations":[{"start":{"line":80,"column":36},"end":{"line":80,"column":124}},{"start":{"line":80,"column":127},"end":{"line":80,"column":129}}],"line":80},"6":{"loc":{"start":{"line":80,"column":65},"end":{"line":80,"column":120}},"type":"cond-expr","locations":[{"start":{"line":80,"column":88},"end":{"line":80,"column":115}},{"start":{"line":80,"column":118},"end":{"line":80,"column":120}}],"line":80},"7":{"loc":{"start":{"line":81,"column":19},"end":{"line":81,"column":76}},"type":"cond-expr","locations":[{"start":{"line":81,"column":36},"end":{"line":81,"column":71}},{"start":{"line":81,"column":74},"end":{"line":81,"column":76}}],"line":81},"8":{"loc":{"start":{"line":83,"column":18},"end":{"line":83,"column":68}},"type":"cond-expr","locations":[{"start":{"line":83,"column":47},"end":{"line":83,"column":57}},{"start":{"line":83,"column":60},"end":{"line":83,"column":68}}],"line":83},"9":{"loc":{"start":{"line":107,"column":4},"end":{"line":107,"column":79}},"type":"if","locations":[{"start":{"line":107,"column":4},"end":{"line":107,"column":79}},{"start":{},"end":{}}],"line":107},"10":{"loc":{"start":{"line":132,"column":4},"end":{"line":132,"column":80}},"type":"if","locations":[{"start":{"line":132,"column":4},"end":{"line":132,"column":80}},{"start":{},"end":{}}],"line":132},"11":{"loc":{"start":{"line":134,"column":4},"end":{"line":135,"column":77}},"type":"if","locations":[{"start":{"line":134,"column":4},"end":{"line":135,"column":77}},{"start":{"line":135,"column":19},"end":{"line":135,"column":77}}],"line":134},"12":{"loc":{"start":{"line":137,"column":24},"end":{"line":137,"column":64}},"type":"cond-expr","locations":[{"start":{"line":137,"column":35},"end":{"line":137,"column":49}},{"start":{"line":137,"column":52},"end":{"line":137,"column":64}}],"line":137},"13":{"loc":{"start":{"line":148,"column":4},"end":{"line":148,"column":79}},"type":"if","locations":[{"start":{"line":148,"column":4},"end":{"line":148,"column":79}},{"start":{},"end":{}}],"line":148},"14":{"loc":{"start":{"line":150,"column":4},"end":{"line":151,"column":68}},"type":"if","locations":[{"start":{"line":150,"column":4},"end":{"line":151,"column":68}},{"start":{"line":151,"column":18},"end":{"line":151,"column":68}}],"line":150},"15":{"loc":{"start":{"line":164,"column":4},"end":{"line":164,"column":79}},"type":"if","locations":[{"start":{"line":164,"column":4},"end":{"line":164,"column":79}},{"start":{},"end":{}}],"line":164},"16":{"loc":{"start":{"line":166,"column":4},"end":{"line":168,"column":5}},"type":"if","locations":[{"start":{"line":166,"column":4},"end":{"line":168,"column":5}},{"start":{},"end":{}}],"line":166},"17":{"loc":{"start":{"line":169,"column":28},"end":{"line":169,"column":59}},"type":"binary-expr","locations":[{"start":{"line":169,"column":28},"end":{"line":169,"column":52}},{"start":{"line":169,"column":56},"end":{"line":169,"column":59}}],"line":169},"18":{"loc":{"start":{"line":218,"column":4},"end":{"line":218,"column":83}},"type":"if","locations":[{"start":{"line":218,"column":4},"end":{"line":218,"column":83}},{"start":{},"end":{}}],"line":218},"19":{"loc":{"start":{"line":221,"column":4},"end":{"line":221,"column":104}},"type":"if","locations":[{"start":{"line":221,"column":4},"end":{"line":221,"column":104}},{"start":{},"end":{}}],"line":221},"20":{"loc":{"start":{"line":222,"column":4},"end":{"line":222,"column":137}},"type":"if","locations":[{"start":{"line":222,"column":4},"end":{"line":222,"column":137}},{"start":{},"end":{}}],"line":222},"21":{"loc":{"start":{"line":223,"column":4},"end":{"line":225,"column":5}},"type":"if","locations":[{"start":{"line":223,"column":4},"end":{"line":225,"column":5}},{"start":{},"end":{}}],"line":223},"22":{"loc":{"start":{"line":223,"column":8},"end":{"line":223,"column":57}},"type":"binary-expr","locations":[{"start":{"line":223,"column":8},"end":{"line":223,"column":24}},{"start":{"line":223,"column":28},"end":{"line":223,"column":57}}],"line":223},"23":{"loc":{"start":{"line":228,"column":4},"end":{"line":234,"column":5}},"type":"if","locations":[{"start":{"line":228,"column":4},"end":{"line":234,"column":5}},{"start":{},"end":{}}],"line":228},"24":{"loc":{"start":{"line":229,"column":18},"end":{"line":229,"column":73}},"type":"binary-expr","locations":[{"start":{"line":229,"column":18},"end":{"line":229,"column":43}},{"start":{"line":229,"column":47},"end":{"line":229,"column":67}},{"start":{"line":229,"column":71},"end":{"line":229,"column":73}}],"line":229},"25":{"loc":{"start":{"line":236,"column":26},"end":{"line":236,"column":81}},"type":"binary-expr","locations":[{"start":{"line":236,"column":26},"end":{"line":236,"column":51}},{"start":{"line":236,"column":55},"end":{"line":236,"column":75}},{"start":{"line":236,"column":79},"end":{"line":236,"column":81}}],"line":236},"26":{"loc":{"start":{"line":273,"column":4},"end":{"line":273,"column":71}},"type":"if","locations":[{"start":{"line":273,"column":4},"end":{"line":273,"column":71}},{"start":{},"end":{}}],"line":273},"27":{"loc":{"start":{"line":285,"column":4},"end":{"line":285,"column":107}},"type":"if","locations":[{"start":{"line":285,"column":4},"end":{"line":285,"column":107}},{"start":{},"end":{}}],"line":285},"28":{"loc":{"start":{"line":285,"column":8},"end":{"line":285,"column":29}},"type":"binary-expr","locations":[{"start":{"line":285,"column":8},"end":{"line":285,"column":13}},{"start":{"line":285,"column":17},"end":{"line":285,"column":29}}],"line":285},"29":{"loc":{"start":{"line":286,"column":4},"end":{"line":286,"column":102}},"type":"if","locations":[{"start":{"line":286,"column":4},"end":{"line":286,"column":102}},{"start":{},"end":{}}],"line":286},"30":{"loc":{"start":{"line":289,"column":4},"end":{"line":289,"column":79}},"type":"if","locations":[{"start":{"line":289,"column":4},"end":{"line":289,"column":79}},{"start":{},"end":{}}],"line":289},"31":{"loc":{"start":{"line":307,"column":4},"end":{"line":307,"column":79}},"type":"if","locations":[{"start":{"line":307,"column":4},"end":{"line":307,"column":79}},{"start":{},"end":{}}],"line":307},"32":{"loc":{"start":{"line":310,"column":4},"end":{"line":310,"column":79}},"type":"if","locations":[{"start":{"line":310,"column":4},"end":{"line":310,"column":79}},{"start":{},"end":{}}],"line":310},"33":{"loc":{"start":{"line":314,"column":4},"end":{"line":314,"column":102}},"type":"if","locations":[{"start":{"line":314,"column":4},"end":{"line":314,"column":102}},{"start":{},"end":{}}],"line":314},"34":{"loc":{"start":{"line":314,"column":8},"end":{"line":314,"column":29}},"type":"binary-expr","locations":[{"start":{"line":314,"column":8},"end":{"line":314,"column":16}},{"start":{"line":314,"column":20},"end":{"line":314,"column":29}}],"line":314}},"s":{"0":1,"1":1,"2":1,"3":1,"4":1,"5":1,"6":1,"7":1,"8":3,"9":3,"10":3,"11":3,"12":3,"13":3,"14":2,"15":3,"16":3,"17":0,"18":1,"19":0,"20":0,"21":0,"22":0,"23":0,"24":0,"25":0,"26":0,"27":0,"28":1,"29":8,"30":8,"31":8,"32":8,"33":8,"34":8,"35":8,"36":0,"37":8,"38":8,"39":0,"40":1,"41":0,"42":0,"43":0,"44":0,"45":0,"46":0,"47":1,"48":0,"49":0,"50":0,"51":0,"52":0,"53":1,"54":0,"55":0,"56":0,"57":0,"58":0,"59":0,"60":0,"61":0,"62":0,"63":0,"64":0,"65":0,"66":0,"67":1,"68":0,"69":0,"70":0,"71":0,"72":0,"73":0,"74":0,"75":0,"76":0,"77":0,"78":0,"79":0,"80":0,"81":1,"82":2,"83":2,"84":2,"85":1,"86":1,"87":0,"88":1,"89":1,"90":1,"91":1,"92":1,"93":1,"94":0,"95":1,"96":1,"97":1,"98":1,"99":1,"100":0,"101":1,"102":0,"103":1,"104":5,"105":5,"106":5,"107":1,"108":4,"109":4,"110":1,"111":3,"112":1,"113":2,"114":0,"115":2,"116":1,"117":2,"118":1,"119":1,"120":1,"121":1,"122":1,"123":1,"124":1,"125":1,"126":1,"127":0,"128":1,"129":0,"130":0,"131":0,"132":0,"133":0,"134":0,"135":1,"136":0,"137":0,"138":0,"139":0,"140":0,"141":0,"142":0,"143":0,"144":0,"145":0,"146":0,"147":0,"148":0,"149":0,"150":0,"151":1,"152":0,"153":0,"154":0,"155":0,"156":0,"157":0,"158":0,"159":0,"160":0,"161":0,"162":0,"163":0,"164":0,"165":0,"166":0,"167":1},"f":{"0":3,"1":3,"2":0,"3":8,"4":0,"5":0,"6":0,"7":0,"8":0,"9":0,"10":0,"11":2,"12":1,"13":5,"14":1,"15":0,"16":0,"17":0},"b":{"0":[2,1],"1":[0,0],"2":[0,0],"3":[8,1,1],"4":[0,8],"5":[0,8],"6":[0,0],"7":[0,8],"8":[2,6],"9":[0,0],"10":[0,0],"11":[0,0],"12":[0,0],"13":[0,0],"14":[0,0],"15":[1,1],"16":[0,1],"17":[1,1],"18":[1,4],"19":[1,3],"20":[1,2],"21":[0,2],"22":[2,0],"23":[1,1],"24":[1,0,0],"25":[1,0,0],"26":[0,0],"27":[0,0],"28":[0,0],"29":[0,0],"30":[0,0],"31":[0,0],"32":[0,0],"33":[0,0],"34":[0,0]},"_coverageSchema":"1a1c01bbd47fc00a2c39e90264f33305004495a9","hash":"48f1de30485b3e5df2ff3b3b4b8446d7889a297a"}
,"C:\\Users\\djanc\\e-sk-manage-system\\backend\\controllers\\pointsController.js": {"path":"C:\\Users\\djanc\\e-sk-manage-system\\backend\\controllers\\pointsController.js","statementMap":{"0":{"start":{"line":2,"column":15},"end":{"line":2,"column":42}},"1":{"start":{"line":3,"column":15},"end":{"line":3,"column":40}},"2":{"start":{"line":7,"column":20},"end":{"line":27,"column":1}},"3":{"start":{"line":8,"column":2},"end":{"line":26,"column":3}},"4":{"start":{"line":10,"column":19},"end":{"line":13,"column":6}},"5":{"start":{"line":14,"column":21},"end":{"line":17,"column":6}},"6":{"start":{"line":18,"column":20},"end":{"line":18,"column":71}},"7":{"start":{"line":21,"column":4},"end":{"line":21,"column":67}},"8":{"start":{"line":23,"column":4},"end":{"line":23,"column":25}},"9":{"start":{"line":25,"column":4},"end":{"line":25,"column":52}},"10":{"start":{"line":30,"column":19},"end":{"line":41,"column":1}},"11":{"start":{"line":31,"column":2},"end":{"line":40,"column":3}},"12":{"start":{"line":32,"column":20},"end":{"line":36,"column":16}},"13":{"start":{"line":37,"column":4},"end":{"line":37,"column":25}},"14":{"start":{"line":39,"column":4},"end":{"line":39,"column":52}},"15":{"start":{"line":44,"column":23},"end":{"line":55,"column":1}},"16":{"start":{"line":45,"column":2},"end":{"line":54,"column":3}},"17":{"start":{"line":46,"column":24},"end":{"line":50,"column":16}},"18":{"start":{"line":51,"column":4},"end":{"line":51,"column":29}},"19":{"start":{"line":53,"column":4},"end":{"line":53,"column":52}},"20":{"start":{"line":58,"column":20},"end":{"line":75,"column":1}},"21":{"start":{"line":59,"column":2},"end":{"line":74,"column":3}},"22":{"start":{"line":60,"column":39},"end":{"line":60,"column":47}},"23":{"start":{"line":61,"column":4},"end":{"line":61,"column":99}},"24":{"start":{"line":61,"column":28},"end":{"line":61,"column":99}},"25":{"start":{"line":63,"column":4},"end":{"line":63,"column":62}},"26":{"start":{"line":64,"column":4},"end":{"line":70,"column":6}},"27":{"start":{"line":71,"column":4},"end":{"line":71,"column":54}},"28":{"start":{"line":73,"column":4},"end":{"line":73,"column":52}},"29":{"start":{"line":77,"column":0},"end":{"line":77,"column":73}}},"fnMap":{"0":{"name":"(anonymous_0)","decl":{"start":{"line":7,"column":20},"end":{"line":7,"column":21}},"loc":{"start":{"line":7,"column":40},"end":{"line":27,"column":1}},"line":7},"1":{"name":"(anonymous_1)","decl":{"start":{"line":30,"column":19},"end":{"line":30,"column":20}},"loc":{"start":{"line":30,"column":39},"end":{"line":41,"column":1}},"line":30},"2":{"name":"(anonymous_2)","decl":{"start":{"line":44,"column":23},"end":{"line":44,"column":24}},"loc":{"start":{"line":44,"column":43},"end":{"line":55,"column":1}},"line":44},"3":{"name":"(anonymous_3)","decl":{"start":{"line":58,"column":20},"end":{"line":58,"column":21}},"loc":{"start":{"line":58,"column":40},"end":{"line":75,"column":1}},"line":58}},"branchMap":{"0":{"loc":{"start":{"line":18,"column":21},"end":{"line":18,"column":42}},"type":"binary-expr","locations":[{"start":{"line":18,"column":21},"end":{"line":18,"column":37}},{"start":{"line":18,"column":41},"end":{"line":18,"column":42}}],"line":18},"1":{"loc":{"start":{"line":18,"column":47},"end":{"line":18,"column":70}},"type":"binary-expr","locations":[{"start":{"line":18,"column":47},"end":{"line":18,"column":65}},{"start":{"line":18,"column":69},"end":{"line":18,"column":70}}],"line":18},"2":{"loc":{"start":{"line":61,"column":4},"end":{"line":61,"column":99}},"type":"if","locations":[{"start":{"line":61,"column":4},"end":{"line":61,"column":99}},{"start":{},"end":{}}],"line":61},"3":{"loc":{"start":{"line":61,"column":8},"end":{"line":61,"column":26}},"type":"binary-expr","locations":[{"start":{"line":61,"column":8},"end":{"line":61,"column":15}},{"start":{"line":61,"column":19},"end":{"line":61,"column":26}}],"line":61},"4":{"loc":{"start":{"line":68,"column":20},"end":{"line":68,"column":60}},"type":"binary-expr","locations":[{"start":{"line":68,"column":20},"end":{"line":68,"column":26}},{"start":{"line":68,"column":30},"end":{"line":68,"column":60}}],"line":68}},"s":{"0":1,"1":1,"2":1,"3":4,"4":4,"5":4,"6":4,"7":4,"8":4,"9":0,"10":1,"11":2,"12":2,"13":0,"14":2,"15":1,"16":2,"17":2,"18":2,"19":0,"20":1,"21":4,"22":4,"23":4,"24":1,"25":3,"26":3,"27":3,"28":0,"29":1},"f":{"0":4,"1":2,"2":2,"3":4},"b":{"0":[4,1],"1":[4,3],"2":[1,3],"3":[4,3],"4":[3,0]},"_coverageSchema":"1a1c01bbd47fc00a2c39e90264f33305004495a9","hash":"b01da08cef8256b57be082b92d995fc4d0cf100d"}
,"C:\\Users\\djanc\\e-sk-manage-system\\backend\\models\\Announcement.js": {"path":"C:\\Users\\djanc\\e-sk-manage-system\\backend\\models\\Announcement.js","statementMap":{"0":{"start":{"line":1,"column":17},"end":{"line":1,"column":36}},"1":{"start":{"line":3,"column":27},"end":{"line":36,"column":24}},"2":{"start":{"line":38,"column":0},"end":{"line":38,"column":68}}},"fnMap":{},"branchMap":{},"s":{"0":1,"1":1,"2":1},"f":{},"b":{},"_coverageSchema":"1a1c01bbd47fc00a2c39e90264f33305004495a9","hash":"6cd3996796ce81bc909ede2c399c5cf792ef7f02"}
,"C:\\Users\\djanc\\e-sk-manage-system\\backend\\models\\AuditLog.js": {"path":"C:\\Users\\djanc\\e-sk-manage-system\\backend\\models\\AuditLog.js","statementMap":{"0":{"start":{"line":1,"column":17},"end":{"line":1,"column":36}},"1":{"start":{"line":3,"column":23},"end":{"line":15,"column":24}},"2":{"start":{"line":17,"column":0},"end":{"line":17,"column":59}}},"fnMap":{},"branchMap":{},"s":{"0":4,"1":4,"2":4},"f":{},"b":{},"_coverageSchema":"1a1c01bbd47fc00a2c39e90264f33305004495a9","hash":"3bca3883047085adc77e9220605ac8a9856b5f54"}
,"C:\\Users\\djanc\\e-sk-manage-system\\backend\\models\\Meeting.js": {"path":"C:\\Users\\djanc\\e-sk-manage-system\\backend\\models\\Meeting.js","statementMap":{"0":{"start":{"line":4,"column":17},"end":{"line":4,"column":36}},"1":{"start":{"line":6,"column":22},"end":{"line":10,"column":2}},"2":{"start":{"line":12,"column":22},"end":{"line":71,"column":24}},"3":{"start":{"line":73,"column":0},"end":{"line":73,"column":57}}},"fnMap":{},"branchMap":{},"s":{"0":1,"1":1,"2":1,"3":1},"f":{},"b":{},"_coverageSchema":"1a1c01bbd47fc00a2c39e90264f33305004495a9","hash":"e7d4fb1da6eebfe81d01a21af3915c6892c4070c"}
,"C:\\Users\\djanc\\e-sk-manage-system\\backend\\models\\Points.js": {"path":"C:\\Users\\djanc\\e-sk-manage-system\\backend\\models\\Points.js","statementMap":{"0":{"start":{"line":2,"column":17},"end":{"line":2,"column":36}},"1":{"start":{"line":4,"column":21},"end":{"line":30,"column":24}},"2":{"start":{"line":32,"column":0},"end":{"line":32,"column":55}}},"fnMap":{},"branchMap":{},"s":{"0":2,"1":2,"2":2},"f":{},"b":{},"_coverageSchema":"1a1c01bbd47fc00a2c39e90264f33305004495a9","hash":"2a27fbe568586ea6463961225d4c6f5f782e7dbe"}
,"C:\\Users\\djanc\\e-sk-manage-system\\backend\\models\\User.js": {"path":"C:\\Users\\djanc\\e-sk-manage-system\\backend\\models\\User.js","statementMap":{"0":{"start":{"line":1,"column":17},"end":{"line":1,"column":36}},"1":{"start":{"line":2,"column":17},"end":{"line":2,"column":36}},"2":{"start":{"line":5,"column":18},"end":{"line":54,"column":1}},"3":{"start":{"line":56,"column":22},"end":{"line":56,"column":53}},"4":{"start":{"line":58,"column":19},"end":{"line":176,"column":24}},"5":{"start":{"line":102,"column":8},"end":{"line":102,"column":44}},"6":{"start":{"line":104,"column":24},"end":{"line":104,"column":80}},"7":{"start":{"line":179,"column":0},"end":{"line":183,"column":2}},"8":{"start":{"line":180,"column":2},"end":{"line":180,"column":42}},"9":{"start":{"line":180,"column":36},"end":{"line":180,"column":42}},"10":{"start":{"line":181,"column":18},"end":{"line":181,"column":42}},"11":{"start":{"line":182,"column":2},"end":{"line":182,"column":56}},"12":{"start":{"line":186,"column":0},"end":{"line":188,"column":1}},"13":{"start":{"line":187,"column":2},"end":{"line":187,"column":61}},"14":{"start":{"line":191,"column":0},"end":{"line":191,"column":40}},"15":{"start":{"line":193,"column":0},"end":{"line":193,"column":51}}},"fnMap":{"0":{"name":"(anonymous_0)","decl":{"start":{"line":101,"column":17},"end":{"line":101,"column":18}},"loc":{"start":{"line":101,"column":34},"end":{"line":103,"column":7}},"line":101},"1":{"name":"(anonymous_1)","decl":{"start":{"line":104,"column":15},"end":{"line":104,"column":16}},"loc":{"start":{"line":104,"column":24},"end":{"line":104,"column":80}},"line":104},"2":{"name":"(anonymous_2)","decl":{"start":{"line":179,"column":23},"end":{"line":179,"column":24}},"loc":{"start":{"line":179,"column":41},"end":{"line":183,"column":1}},"line":179},"3":{"name":"(anonymous_3)","decl":{"start":{"line":186,"column":35},"end":{"line":186,"column":36}},"loc":{"start":{"line":186,"column":68},"end":{"line":188,"column":1}},"line":186}},"branchMap":{"0":{"loc":{"start":{"line":180,"column":2},"end":{"line":180,"column":42}},"type":"if","locations":[{"start":{"line":180,"column":2},"end":{"line":180,"column":42}},{"start":{},"end":{}}],"line":180}},"s":{"0":4,"1":4,"2":4,"3":4,"4":4,"5":0,"6":0,"7":4,"8":0,"9":0,"10":0,"11":0,"12":4,"13":0,"14":4,"15":4},"f":{"0":0,"1":0,"2":0,"3":0},"b":{"0":[0,0]},"_coverageSchema":"1a1c01bbd47fc00a2c39e90264f33305004495a9","hash":"9964aaa59f894cbc406ca89f270b009ca4b0f6f8"}
}
