TN:
SF:controllers\adminController.js
FN:8,(anonymous_0)
FN:18,(anonymous_1)
FN:32,(anonymous_2)
FN:59,(anonymous_3)
FN:84,(anonymous_4)
FN:122,(anonymous_5)
FN:134,(anonymous_6)
FN:147,(anonymous_7)
FN:157,(anonymous_8)
FN:167,(anonymous_9)
FNF:10
FNH:6
FNDA:2,(anonymous_0)
FNDA:0,(anonymous_1)
FNDA:0,(anonymous_2)
FNDA:0,(anonymous_3)
FNDA:4,(anonymous_4)
FNDA:2,(anonymous_5)
FNDA:3,(anonymous_6)
FNDA:2,(anonymous_7)
FNDA:0,(anonymous_8)
FNDA:1,(anonymous_9)
DA:4,1
DA:5,1
DA:8,1
DA:9,2
DA:10,2
DA:11,2
DA:13,0
DA:18,1
DA:19,0
DA:20,0
DA:24,0
DA:26,0
DA:32,1
DA:33,0
DA:34,0
DA:35,0
DA:36,0
DA:38,0
DA:39,0
DA:40,0
DA:41,0
DA:42,0
DA:43,0
DA:45,0
DA:51,0
DA:53,0
DA:59,1
DA:60,0
DA:61,0
DA:62,0
DA:63,0
DA:65,0
DA:66,0
DA:67,0
DA:68,0
DA:69,0
DA:71,0
DA:77,0
DA:79,0
DA:84,1
DA:85,4
DA:86,4
DA:87,4
DA:88,4
DA:89,2
DA:91,2
DA:92,2
DA:94,1
DA:105,1
DA:111,1
DA:117,0
DA:122,1
DA:123,2
DA:124,2
DA:125,2
DA:126,2
DA:127,1
DA:129,1
DA:134,1
DA:135,3
DA:136,3
DA:137,3
DA:138,2
DA:139,2
DA:140,2
DA:142,1
DA:147,1
DA:148,2
DA:149,2
DA:150,2
DA:152,0
DA:157,1
DA:158,0
DA:159,0
DA:160,0
DA:162,0
DA:167,1
DA:168,1
DA:169,1
DA:175,1
DA:177,0
DA:181,1
LF:82
LH:45
BRDA:36,0,0,0
BRDA:36,0,1,0
BRDA:39,1,0,0
BRDA:39,1,1,0
BRDA:39,1,2,0
BRDA:63,2,0,0
BRDA:63,2,1,0
BRDA:68,3,0,0
BRDA:68,3,1,0
BRDA:74,4,0,0
BRDA:74,4,1,0
BRDA:88,5,0,2
BRDA:88,5,1,2
BRDA:92,6,0,1
BRDA:92,6,1,1
BRDA:96,7,0,1
BRDA:96,7,1,0
BRDA:98,8,0,1
BRDA:98,8,1,0
BRDA:99,9,0,1
BRDA:99,9,1,0
BRDA:100,10,0,1
BRDA:100,10,1,0
BRDA:114,11,0,1
BRDA:114,11,1,0
BRDA:139,12,0,1
BRDA:139,12,1,1
BRDA:139,13,0,1
BRDA:139,13,1,1
BRDA:140,14,0,1
BRDA:140,14,1,1
BRF:31
BRH:15
end_of_record
TN:
SF:controllers\authController.js
FN:7,(anonymous_0)
FN:12,(anonymous_1)
FN:95,(anonymous_2)
FN:154,(anonymous_3)
FN:164,(anonymous_4)
FN:182,(anonymous_5)
FN:197,(anonymous_6)
FN:220,(anonymous_7)
FNF:8
FNH:7
FNDA:1,(anonymous_0)
FNDA:5,(anonymous_1)
FNDA:5,(anonymous_2)
FNDA:1,(anonymous_3)
FNDA:3,(anonymous_4)
FNDA:1,(anonymous_5)
FNDA:4,(anonymous_6)
FNDA:0,(anonymous_7)
DA:3,1
DA:4,1
DA:5,1
DA:7,1
DA:8,1
DA:12,1
DA:13,5
DA:14,5
DA:20,5
DA:23,5
DA:24,1
DA:28,4
DA:29,4
DA:30,1
DA:34,3
DA:47,3
DA:48,1
DA:58,3
DA:61,3
DA:62,3
DA:68,0
DA:71,3
DA:75,3
DA:89,0
DA:90,0
DA:95,1
DA:96,5
DA:97,5
DA:99,5
DA:100,1
DA:105,4
DA:106,4
DA:107,1
DA:110,3
DA:111,3
DA:112,1
DA:115,2
DA:116,1
DA:120,1
DA:121,1
DA:127,0
DA:130,1
DA:148,0
DA:149,0
DA:154,1
DA:155,1
DA:156,1
DA:157,1
DA:159,0
DA:164,1
DA:165,3
DA:166,3
DA:168,3
DA:169,3
DA:170,3
DA:171,1
DA:173,2
DA:174,2
DA:175,1
DA:177,1
DA:182,1
DA:183,1
DA:184,1
DA:185,1
DA:190,1
DA:192,0
DA:197,1
DA:198,4
DA:199,4
DA:200,4
DA:203,3
DA:204,3
DA:206,3
DA:207,3
DA:210,2
DA:211,1
DA:214,1
DA:216,1
DA:222,1
DA:224,0
DA:228,1
LF:81
LH:72
BRDA:23,0,0,1
BRDA:23,0,1,4
BRDA:23,1,0,5
BRDA:23,1,1,4
BRDA:23,1,2,4
BRDA:23,1,3,4
BRDA:29,2,0,1
BRDA:29,2,1,3
BRDA:40,3,0,3
BRDA:40,3,1,2
BRDA:41,4,0,3
BRDA:41,4,1,2
BRDA:47,5,0,1
BRDA:47,5,1,2
BRDA:47,6,0,3
BRDA:47,6,1,1
BRDA:51,7,0,1
BRDA:51,7,1,1
BRDA:52,8,0,1
BRDA:52,8,1,0
BRDA:65,9,0,1
BRDA:65,9,1,2
BRDA:71,10,0,1
BRDA:71,10,1,2
BRDA:99,11,0,1
BRDA:99,11,1,4
BRDA:99,12,0,5
BRDA:99,12,1,5
BRDA:106,13,0,1
BRDA:106,13,1,3
BRDA:111,14,0,1
BRDA:111,14,1,2
BRDA:115,15,0,1
BRDA:115,15,1,1
BRDA:170,16,0,1
BRDA:170,16,1,2
BRDA:200,17,0,1
BRDA:200,17,1,3
BRDA:204,18,0,0
BRDA:204,18,1,3
BRDA:207,19,0,1
BRDA:207,19,1,2
BRDA:210,20,0,1
BRDA:210,20,1,1
BRF:44
BRH:42
end_of_record
TN:
SF:controllers\meetingController.js
FN:14,(anonymous_0)
FN:24,(anonymous_1)
FN:36,(anonymous_2)
FN:57,(anonymous_3)
FN:104,(anonymous_4)
FN:115,(anonymous_5)
FN:129,(anonymous_6)
FN:133,(anonymous_7)
FN:134,(anonymous_8)
FN:144,(anonymous_9)
FN:149,(anonymous_10)
FN:161,(anonymous_11)
FN:186,(anonymous_12)
FN:215,(anonymous_13)
FN:227,(anonymous_14)
FN:269,(anonymous_15)
FN:282,(anonymous_16)
FN:304,(anonymous_17)
FNF:18
FNH:7
FNDA:3,(anonymous_0)
FNDA:3,(anonymous_1)
FNDA:0,(anonymous_2)
FNDA:8,(anonymous_3)
FNDA:0,(anonymous_4)
FNDA:0,(anonymous_5)
FNDA:0,(anonymous_6)
FNDA:0,(anonymous_7)
FNDA:0,(anonymous_8)
FNDA:0,(anonymous_9)
FNDA:0,(anonymous_10)
FNDA:2,(anonymous_11)
FNDA:1,(anonymous_12)
FNDA:5,(anonymous_13)
FNDA:1,(anonymous_14)
FNDA:0,(anonymous_15)
FNDA:0,(anonymous_16)
FNDA:0,(anonymous_17)
DA:1,1
DA:2,1
DA:3,1
DA:4,1
DA:5,1
DA:6,1
DA:8,1
DA:14,1
DA:15,3
DA:16,3
DA:23,3
DA:24,3
DA:25,3
DA:26,3
DA:27,3
DA:29,3
DA:31,0
DA:36,1
DA:37,0
DA:38,0
DA:44,0
DA:47,0
DA:48,0
DA:49,0
DA:51,0
DA:57,1
DA:58,8
DA:59,8
DA:60,8
DA:62,8
DA:71,7
DA:72,7
DA:75,7
DA:88,0
DA:91,7
DA:97,7
DA:99,1
DA:104,1
DA:105,0
DA:106,0
DA:107,0
DA:108,0
DA:110,0
DA:115,1
DA:116,0
DA:117,0
DA:118,0
DA:122,0
DA:124,0
DA:129,1
DA:130,0
DA:131,0
DA:132,0
DA:133,0
DA:134,0
DA:135,0
DA:136,0
DA:137,0
DA:139,0
DA:144,1
DA:145,0
DA:146,0
DA:147,0
DA:148,0
DA:149,0
DA:150,0
DA:151,0
DA:152,0
DA:153,0
DA:155,0
DA:161,1
DA:162,2
DA:163,2
DA:164,2
DA:166,1
DA:167,0
DA:169,1
DA:170,1
DA:171,1
DA:172,1
DA:174,1
DA:179,1
DA:181,0
DA:186,1
DA:187,1
DA:188,1
DA:195,1
DA:196,1
DA:204,0
DA:207,1
DA:209,0
DA:215,1
DA:216,5
DA:217,5
DA:218,5
DA:220,4
DA:221,4
DA:222,3
DA:223,2
DA:224,0
DA:227,2
DA:228,2
DA:229,1
DA:230,1
DA:236,1
DA:237,1
DA:238,1
DA:241,1
DA:251,1
DA:253,1
DA:258,1
DA:264,0
DA:269,1
DA:270,0
DA:271,0
DA:273,0
DA:274,0
DA:276,0
DA:282,1
DA:283,0
DA:284,0
DA:285,0
DA:286,0
DA:288,0
DA:289,0
DA:291,0
DA:292,0
DA:294,0
DA:295,0
DA:297,0
DA:299,0
DA:304,1
DA:305,0
DA:306,0
DA:307,0
DA:309,0
DA:310,0
DA:312,0
DA:313,0
DA:314,0
DA:316,0
DA:317,0
DA:318,0
DA:320,0
DA:324,1
LF:145
LH:72
BRDA:26,0,0,2
BRDA:26,0,1,1
BRDA:44,1,0,0
BRDA:44,1,1,0
BRDA:48,2,0,0
BRDA:48,2,1,0
BRDA:59,3,0,8
BRDA:59,3,1,0
BRDA:59,3,2,0
BRDA:79,4,0,0
BRDA:79,4,1,7
BRDA:80,5,0,0
BRDA:80,5,1,7
BRDA:80,6,0,0
BRDA:80,6,1,0
BRDA:81,7,0,0
BRDA:81,7,1,7
BRDA:83,8,0,2
BRDA:83,8,1,5
BRDA:107,9,0,0
BRDA:107,9,1,0
BRDA:132,10,0,0
BRDA:132,10,1,0
BRDA:134,11,0,0
BRDA:134,11,1,0
BRDA:137,12,0,0
BRDA:137,12,1,0
BRDA:148,13,0,0
BRDA:148,13,1,0
BRDA:150,14,0,0
BRDA:150,14,1,0
BRDA:164,15,0,1
BRDA:164,15,1,1
BRDA:166,16,0,0
BRDA:166,16,1,1
BRDA:169,17,0,1
BRDA:169,17,1,1
BRDA:218,18,0,1
BRDA:218,18,1,4
BRDA:221,19,0,1
BRDA:221,19,1,3
BRDA:222,20,0,1
BRDA:222,20,1,2
BRDA:223,21,0,0
BRDA:223,21,1,2
BRDA:223,22,0,2
BRDA:223,22,1,0
BRDA:228,23,0,1
BRDA:228,23,1,1
BRDA:229,24,0,1
BRDA:229,24,1,0
BRDA:229,24,2,0
BRDA:236,25,0,1
BRDA:236,25,1,0
BRDA:236,25,2,0
BRDA:273,26,0,0
BRDA:273,26,1,0
BRDA:285,27,0,0
BRDA:285,27,1,0
BRDA:285,28,0,0
BRDA:285,28,1,0
BRDA:286,29,0,0
BRDA:286,29,1,0
BRDA:289,30,0,0
BRDA:289,30,1,0
BRDA:307,31,0,0
BRDA:307,31,1,0
BRDA:310,32,0,0
BRDA:310,32,1,0
BRDA:314,33,0,0
BRDA:314,33,1,0
BRDA:314,34,0,0
BRDA:314,34,1,0
BRF:73
BRH:25
end_of_record
TN:
SF:controllers\pointsController.js
FN:7,(anonymous_0)
FN:30,(anonymous_1)
FN:44,(anonymous_2)
FN:58,(anonymous_3)
FNF:4
FNH:4
FNDA:4,(anonymous_0)
FNDA:2,(anonymous_1)
FNDA:2,(anonymous_2)
FNDA:4,(anonymous_3)
DA:2,1
DA:3,1
DA:7,1
DA:8,4
DA:10,4
DA:14,4
DA:18,4
DA:21,4
DA:23,4
DA:25,0
DA:30,1
DA:31,2
DA:32,2
DA:37,2
DA:39,0
DA:44,1
DA:45,2
DA:46,2
DA:51,2
DA:53,0
DA:58,1
DA:59,4
DA:60,4
DA:61,4
DA:63,1
DA:64,1
DA:71,1
DA:73,0
DA:77,1
LF:29
LH:25
BRDA:18,0,0,4
BRDA:18,0,1,1
BRDA:18,1,0,4
BRDA:18,1,1,3
BRDA:61,2,0,3
BRDA:61,2,1,1
BRDA:61,3,0,4
BRDA:61,3,1,3
BRDA:68,4,0,1
BRDA:68,4,1,0
BRF:10
BRH:9
end_of_record
TN:
SF:models\Announcement.js
FNF:0
FNH:0
DA:1,1
DA:3,1
DA:38,1
LF:3
LH:3
BRF:0
BRH:0
end_of_record
TN:
SF:models\AuditLog.js
FNF:0
FNH:0
DA:1,4
DA:3,4
DA:17,4
LF:3
LH:3
BRF:0
BRH:0
end_of_record
TN:
SF:models\Meeting.js
FNF:0
FNH:0
DA:4,1
DA:6,1
DA:12,1
DA:73,1
LF:4
LH:4
BRF:0
BRH:0
end_of_record
TN:
SF:models\Points.js
FNF:0
FNH:0
DA:2,2
DA:4,2
DA:32,2
LF:3
LH:3
BRF:0
BRH:0
end_of_record
TN:
SF:models\User.js
FN:101,(anonymous_0)
FN:104,(anonymous_1)
FN:179,(anonymous_2)
FN:186,(anonymous_3)
FNF:4
FNH:0
FNDA:0,(anonymous_0)
FNDA:0,(anonymous_1)
FNDA:0,(anonymous_2)
FNDA:0,(anonymous_3)
DA:1,5
DA:2,5
DA:5,5
DA:56,5
DA:58,5
DA:102,0
DA:104,0
DA:179,5
DA:180,0
DA:181,0
DA:182,0
DA:186,5
DA:187,0
DA:191,5
DA:193,5
LF:15
LH:9
BRDA:180,0,0,0
BRDA:180,0,1,0
BRF:2
BRH:0
end_of_record
